{"level":"info","message":"Adithyan Binu logged ","timestamp":"2025-04-16T14:18:18.765Z"}
{"level":"info","message":"Adithyan Binu logged ","timestamp":"2025-04-16T14:19:24.706Z"}
{"level":"info","message":"Adithyan Binu logged ","timestamp":"2025-04-16T14:20:33.950Z"}
{"level":"info","message":"Adithyan Binu logged ","timestamp":"2025-04-16T14:22:53.706Z"}
{"level":"info","message":"Adithyan Binu logged ","timestamp":"2025-04-16T14:42:32.511Z"}
{"level":"info","message":"Adithyan Binu logged ","timestamp":"2025-04-17T04:51:02.540Z"}
{"level":"info","message":"Soorya  logged ","timestamp":"2025-04-17T04:54:32.087Z"}
{"level":"info","message":"aaadhi logged ","timestamp":"2025-04-17T05:00:15.805Z"}
{"level":"info","message":"admin logged ","timestamp":"2025-04-17T05:00:38.735Z"}
{"level":"info","message":"Adithyan Binu logged ","timestamp":"2025-04-17T05:01:01.927Z"}
{"level":"info","message":"Adithyan Binu logged ","timestamp":"2025-04-17T05:03:11.437Z"}
{"level":"info","message":"aaadhi logged ","timestamp":"2025-04-17T05:06:16.174Z"}
{"level":"info","message":"aaadhi logged ","timestamp":"2025-04-17T05:09:55.163Z"}
{"level":"info","message":"Adithyan Binu logged ","timestamp":"2025-04-17T05:11:39.445Z"}
{"level":"info","message":"admin logged ","timestamp":"2025-04-17T05:14:06.533Z"}
{"level":"info","message":"admin logged ","timestamp":"2025-04-17T06:36:28.008Z"}
{"level":"info","message":"Adithyan Binu logged ","timestamp":"2025-04-17T10:01:32.346Z"}
{"level":"info","message":"seller logged ","timestamp":"2025-04-17T14:51:19.904Z"}
{"level":"info","message":"admin logged ","timestamp":"2025-04-17T15:03:33.144Z"}
{"level":"info","message":"admin logged ","timestamp":"2025-04-17T16:08:52.573Z"}
