{"level":"info","message":"Adithyan Binu logged ","timestamp":"2025-04-24T10:00:33.921Z"}
{"level":"info","message":"seller logged ","timestamp":"2025-04-24T12:44:34.259Z"}
{"level":"info","message":"Adithyan Binu logged ","timestamp":"2025-04-25T05:42:23.827Z"}
{"level":"info","message":"Adithyan Binu logged ","timestamp":"2025-04-25T06:43:57.306Z"}
{"level":"info","message":"Franken logged ","timestamp":"2025-04-25T06:46:55.914Z"}
{"level":"info","message":"Adithyan Binu logged ","timestamp":"2025-04-25T06:47:17.020Z"}
{"level":"info","message":"Franken Style logged ","timestamp":"2025-04-25T06:49:06.192Z"}
{"level":"info","message":"Adithyan Binu logged ","timestamp":"2025-04-25T06:49:22.170Z"}
{"level":"info","message":"Franken Style logged ","timestamp":"2025-04-25T06:52:39.121Z"}
{"level":"info","message":"Adithyan Binu logged ","timestamp":"2025-04-25T06:55:23.627Z"}
{"level":"info","message":"Adithyan Binu logged ","timestamp":"2025-04-25T06:56:56.327Z"}
{"level":"info","message":"Adiyo logged ","timestamp":"2025-04-25T06:57:26.728Z"}
{"level":"info","message":"Adiyo logged ","timestamp":"2025-04-25T07:00:56.774Z"}
{"level":"info","message":"Adiyo logged ","timestamp":"2025-04-25T07:02:40.480Z"}
{"level":"info","message":"aaadhi logged ","timestamp":"2025-04-25T10:19:40.215Z"}
{"level":"info","message":"aaadhi logged","timestamp":"2025-04-26T13:04:07.003Z"}
{"level":"info","message":"admin logged","timestamp":"2025-04-26T14:49:37.617Z"}
{"level":"info","message":"ChottaBeem logged","timestamp":"2025-04-26T16:09:01.291Z"}
{"level":"info","message":"ChottaBeem logged","timestamp":"2025-04-26T16:09:36.379Z"}
{"level":"info","message":"ChottaBeem logged","timestamp":"2025-04-26T16:12:16.796Z"}
{"level":"info","message":"ChottaBeem logged","timestamp":"2025-04-26T16:19:36.960Z"}
{"level":"info","message":"ChottaBeem logged","timestamp":"2025-04-26T16:21:38.936Z"}
{"level":"info","message":"admin logged","timestamp":"2025-04-26T16:54:32.249Z"}
{"level":"info","message":"admin logged","timestamp":"2025-04-26T17:26:22.498Z"}
{"level":"info","message":"aaadhi logged","timestamp":"2025-04-26T18:22:19.068Z"}
{"level":"info","message":"admin logged","timestamp":"2025-04-26T18:22:53.744Z"}
{"level":"info","message":"Adhioo logged","timestamp":"2026-01-02T10:27:41.314Z"}
{"level":"info","message":"Adhioo logged","timestamp":"2026-01-02T10:27:57.308Z"}
{"level":"info","message":"Adhioo logged","timestamp":"2026-01-02T10:30:08.499Z"}
{"level":"info","message":"Adhioo logged","timestamp":"2026-01-02T10:32:18.890Z"}
{"level":"info","message":"Adhioo logged","timestamp":"2026-01-02T10:34:18.658Z"}
{"level":"info","message":"Adhioo logged","timestamp":"2026-01-02T11:02:18.020Z"}
{"level":"info","message":"Adhioo logged","timestamp":"2026-01-02T11:11:23.384Z"}
{"level":"info","message":"Adhioo logged","timestamp":"2026-01-02T11:12:06.175Z"}
{"level":"info","message":"Adhioo logged","timestamp":"2026-01-02T11:15:25.960Z"}
{"level":"info","message":"Adhioo logged","timestamp":"2026-01-02T11:17:42.513Z"}
{"level":"info","message":"Adhioo logged","timestamp":"2026-01-02T11:24:56.262Z"}
{"level":"info","message":"Adhioo logged","timestamp":"2026-01-02T11:26:15.092Z"}
{"level":"info","message":"seller logged","timestamp":"2026-01-02T11:28:45.941Z"}
{"level":"info","message":"seller logged","timestamp":"2026-01-02T14:10:13.024Z"}
{"level":"info","message":"seller logged","timestamp":"2026-01-02T14:39:42.503Z"}
{"level":"info","message":"Adhioo logged","timestamp":"2026-01-02T14:40:19.769Z"}
{"level":"info","message":"seller logged","timestamp":"2026-01-02T14:43:50.501Z"}
{"level":"info","message":"Adhioo logged","timestamp":"2026-01-02T14:44:28.473Z"}
{"level":"info","message":"cuss logged","timestamp":"2026-01-02T14:47:14.749Z"}
{"level":"info","message":"cuss logged","timestamp":"2026-01-02T14:50:36.660Z"}
{"level":"info","message":"cuss logged","timestamp":"2026-01-02T14:51:12.431Z"}
{"level":"info","message":"seller logged","timestamp":"2026-01-02T14:51:24.836Z"}
{"level":"info","message":"seller logged","timestamp":"2026-01-02T14:54:35.824Z"}
{"level":"info","message":"seller logged","timestamp":"2026-01-02T14:56:04.760Z"}
{"level":"info","message":"Adhioo logged","timestamp":"2026-01-02T14:57:28.496Z"}
{"level":"info","message":"seller logged","timestamp":"2026-01-02T14:58:12.577Z"}
{"level":"info","message":"Adhioo logged","timestamp":"2026-01-02T14:58:44.312Z"}
{"level":"info","message":"cuss logged","timestamp":"2026-01-02T15:02:04.024Z"}
